<?xml version="1.0" encoding="UTF-8"?>
<testsuite xmlns:xsi="http://www.w3.org/2001/XMLSchema-instance" xsi:noNamespaceSchemaLocation="https://maven.apache.org/surefire/maven-surefire-plugin/xsd/surefire-test-report-3.0.xsd" version="3.0" name="io.cucumber.junit.platform.engine.CucumberTestEngine" time="5.673" tests="3" errors="0" skipped="0" failures="0">
  <properties>
    <property name="java.specification.version" value="21"/>
    <property name="sun.jnu.encoding" value="UTF-8"/>
    <property name="java.class.path" value="/home/doug/Dev/Kotlin/postech-fiap-lanchonete-cliente-ms/target/test-classes:/home/doug/Dev/Kotlin/postech-fiap-lanchonete-cliente-ms/target/classes:/home/doug/.m2/repository/org/springframework/boot/spring-boot-starter-actuator/3.1.4/spring-boot-starter-actuator-3.1.4.jar:/home/doug/.m2/repository/org/springframework/boot/spring-boot-starter/3.1.4/spring-boot-starter-3.1.4.jar:/home/doug/.m2/repository/org/springframework/boot/spring-boot/3.1.4/spring-boot-3.1.4.jar:/home/doug/.m2/repository/org/springframework/boot/spring-boot-autoconfigure/3.1.4/spring-boot-autoconfigure-3.1.4.jar:/home/doug/.m2/repository/org/springframework/boot/spring-boot-starter-logging/3.1.4/spring-boot-starter-logging-3.1.4.jar:/home/doug/.m2/repository/ch/qos/logback/logback-classic/1.4.11/logback-classic-1.4.11.jar:/home/doug/.m2/repository/ch/qos/logback/logback-core/1.4.11/logback-core-1.4.11.jar:/home/doug/.m2/repository/org/apache/logging/log4j/log4j-to-slf4j/2.20.0/log4j-to-slf4j-2.20.0.jar:/home/doug/.m2/repository/org/apache/logging/log4j/log4j-api/2.20.0/log4j-api-2.20.0.jar:/home/doug/.m2/repository/org/slf4j/jul-to-slf4j/2.0.9/jul-to-slf4j-2.0.9.jar:/home/doug/.m2/repository/jakarta/annotation/jakarta.annotation-api/2.1.1/jakarta.annotation-api-2.1.1.jar:/home/doug/.m2/repository/org/yaml/snakeyaml/1.33/snakeyaml-1.33.jar:/home/doug/.m2/repository/org/springframework/boot/spring-boot-actuator-autoconfigure/3.1.4/spring-boot-actuator-autoconfigure-3.1.4.jar:/home/doug/.m2/repository/org/springframework/boot/spring-boot-actuator/3.1.4/spring-boot-actuator-3.1.4.jar:/home/doug/.m2/repository/com/fasterxml/jackson/datatype/jackson-datatype-jsr310/2.15.2/jackson-datatype-jsr310-2.15.2.jar:/home/doug/.m2/repository/io/micrometer/micrometer-observation/1.11.4/micrometer-observation-1.11.4.jar:/home/doug/.m2/repository/io/micrometer/micrometer-commons/1.11.4/micrometer-commons-1.11.4.jar:/home/doug/.m2/repository/io/micrometer/micrometer-core/1.11.4/micrometer-core-1.11.4.jar:/home/doug/.m2/repository/org/hdrhistogram/HdrHistogram/2.1.12/HdrHistogram-2.1.12.jar:/home/doug/.m2/repository/org/latencyutils/LatencyUtils/2.0.3/LatencyUtils-2.0.3.jar:/home/doug/.m2/repository/org/springframework/boot/spring-boot-starter-validation/3.1.4/spring-boot-starter-validation-3.1.4.jar:/home/doug/.m2/repository/org/apache/tomcat/embed/tomcat-embed-el/10.1.13/tomcat-embed-el-10.1.13.jar:/home/doug/.m2/repository/org/hibernate/validator/hibernate-validator/8.0.1.Final/hibernate-validator-8.0.1.Final.jar:/home/doug/.m2/repository/org/springframework/boot/spring-boot-starter-web/3.1.4/spring-boot-starter-web-3.1.4.jar:/home/doug/.m2/repository/org/springframework/boot/spring-boot-starter-json/3.1.4/spring-boot-starter-json-3.1.4.jar:/home/doug/.m2/repository/com/fasterxml/jackson/datatype/jackson-datatype-jdk8/2.15.2/jackson-datatype-jdk8-2.15.2.jar:/home/doug/.m2/repository/com/fasterxml/jackson/module/jackson-module-parameter-names/2.15.2/jackson-module-parameter-names-2.15.2.jar:/home/doug/.m2/repository/org/springframework/boot/spring-boot-starter-tomcat/3.1.4/spring-boot-starter-tomcat-3.1.4.jar:/home/doug/.m2/repository/org/apache/tomcat/embed/tomcat-embed-core/10.1.13/tomcat-embed-core-10.1.13.jar:/home/doug/.m2/repository/org/apache/tomcat/embed/tomcat-embed-websocket/10.1.13/tomcat-embed-websocket-10.1.13.jar:/home/doug/.m2/repository/org/springframework/spring-web/6.0.12/spring-web-6.0.12.jar:/home/doug/.m2/repository/org/springframework/spring-beans/6.0.12/spring-beans-6.0.12.jar:/home/doug/.m2/repository/org/springframework/spring-webmvc/6.0.12/spring-webmvc-6.0.12.jar:/home/doug/.m2/repository/org/springframework/spring-aop/6.0.12/spring-aop-6.0.12.jar:/home/doug/.m2/repository/org/springframework/spring-context/6.0.12/spring-context-6.0.12.jar:/home/doug/.m2/repository/org/springframework/spring-expression/6.0.12/spring-expression-6.0.12.jar:/home/doug/.m2/repository/org/springframework/boot/spring-boot-starter-data-jpa/3.1.4/spring-boot-starter-data-jpa-3.1.4.jar:/home/doug/.m2/repository/org/springframework/boot/spring-boot-starter-aop/3.1.4/spring-boot-starter-aop-3.1.4.jar:/home/doug/.m2/repository/org/aspectj/aspectjweaver/1.9.20/aspectjweaver-1.9.20.jar:/home/doug/.m2/repository/org/springframework/boot/spring-boot-starter-jdbc/3.1.4/spring-boot-starter-jdbc-3.1.4.jar:/home/doug/.m2/repository/com/zaxxer/HikariCP/5.0.1/HikariCP-5.0.1.jar:/home/doug/.m2/repository/org/springframework/spring-jdbc/6.0.12/spring-jdbc-6.0.12.jar:/home/doug/.m2/repository/org/springframework/data/spring-data-jpa/3.1.4/spring-data-jpa-3.1.4.jar:/home/doug/.m2/repository/org/springframework/data/spring-data-commons/3.1.4/spring-data-commons-3.1.4.jar:/home/doug/.m2/repository/org/springframework/spring-orm/6.0.12/spring-orm-6.0.12.jar:/home/doug/.m2/repository/org/springframework/spring-tx/6.0.12/spring-tx-6.0.12.jar:/home/doug/.m2/repository/org/slf4j/slf4j-api/2.0.9/slf4j-api-2.0.9.jar:/home/doug/.m2/repository/org/springframework/spring-aspects/6.0.12/spring-aspects-6.0.12.jar:/home/doug/.m2/repository/org/hibernate/orm/hibernate-core/6.3.1.Final/hibernate-core-6.3.1.Final.jar:/home/doug/.m2/repository/jakarta/persistence/jakarta.persistence-api/3.1.0/jakarta.persistence-api-3.1.0.jar:/home/doug/.m2/repository/jakarta/transaction/jakarta.transaction-api/2.0.1/jakarta.transaction-api-2.0.1.jar:/home/doug/.m2/repository/org/jboss/logging/jboss-logging/3.5.3.Final/jboss-logging-3.5.3.Final.jar:/home/doug/.m2/repository/org/hibernate/common/hibernate-commons-annotations/6.0.6.Final/hibernate-commons-annotations-6.0.6.Final.jar:/home/doug/.m2/repository/io/smallrye/jandex/3.1.2/jandex-3.1.2.jar:/home/doug/.m2/repository/com/fasterxml/classmate/1.5.1/classmate-1.5.1.jar:/home/doug/.m2/repository/net/bytebuddy/byte-buddy/1.14.8/byte-buddy-1.14.8.jar:/home/doug/.m2/repository/jakarta/xml/bind/jakarta.xml.bind-api/4.0.1/jakarta.xml.bind-api-4.0.1.jar:/home/doug/.m2/repository/jakarta/activation/jakarta.activation-api/2.1.2/jakarta.activation-api-2.1.2.jar:/home/doug/.m2/repository/org/glassfish/jaxb/jaxb-runtime/4.0.3/jaxb-runtime-4.0.3.jar:/home/doug/.m2/repository/org/glassfish/jaxb/jaxb-core/4.0.3/jaxb-core-4.0.3.jar:/home/doug/.m2/repository/org/eclipse/angus/angus-activation/2.0.1/angus-activation-2.0.1.jar:/home/doug/.m2/repository/org/glassfish/jaxb/txw2/4.0.3/txw2-4.0.3.jar:/home/doug/.m2/repository/com/sun/istack/istack-commons-runtime/4.1.2/istack-commons-runtime-4.1.2.jar:/home/doug/.m2/repository/jakarta/inject/jakarta.inject-api/2.0.1/jakarta.inject-api-2.0.1.jar:/home/doug/.m2/repository/org/antlr/antlr4-runtime/4.10.1/antlr4-runtime-4.10.1.jar:/home/doug/.m2/repository/org/mockito/mockito-core/5.3.1/mockito-core-5.3.1.jar:/home/doug/.m2/repository/net/bytebuddy/byte-buddy-agent/1.14.8/byte-buddy-agent-1.14.8.jar:/home/doug/.m2/repository/org/objenesis/objenesis/3.3/objenesis-3.3.jar:/home/doug/.m2/repository/com/fasterxml/jackson/module/jackson-module-kotlin/2.15.2/jackson-module-kotlin-2.15.2.jar:/home/doug/.m2/repository/com/fasterxml/jackson/core/jackson-databind/2.15.2/jackson-databind-2.15.2.jar:/home/doug/.m2/repository/com/fasterxml/jackson/core/jackson-core/2.15.2/jackson-core-2.15.2.jar:/home/doug/.m2/repository/com/fasterxml/jackson/core/jackson-annotations/2.15.2/jackson-annotations-2.15.2.jar:/home/doug/.m2/repository/org/jetbrains/kotlin/kotlin-reflect/2.0.0-RC2/kotlin-reflect-2.0.0-RC2.jar:/home/doug/.m2/repository/org/jetbrains/kotlin/kotlin-stdlib/2.0.0-RC2/kotlin-stdlib-2.0.0-RC2.jar:/home/doug/.m2/repository/org/jetbrains/annotations/13.0/annotations-13.0.jar:/home/doug/.m2/repository/org/jetbrains/kotlin/kotlin-stdlib-jdk8/2.0.0-RC2/kotlin-stdlib-jdk8-2.0.0-RC2.jar:/home/doug/.m2/repository/org/jetbrains/kotlin/kotlin-stdlib-jdk7/2.0.0-RC2/kotlin-stdlib-jdk7-2.0.0-RC2.jar:/home/doug/.m2/repository/org/jetbrains/kotlin/kotlin-maven-allopen/2.0.0-RC2/kotlin-maven-allopen-2.0.0-RC2.jar:/home/doug/.m2/repository/org/jetbrains/kotlin/kotlin-allopen-compiler-plugin/2.0.0-RC2/kotlin-allopen-compiler-plugin-2.0.0-RC2.jar:/home/doug/.m2/repository/org/springframework/cloud/spring-cloud-starter-circuitbreaker-resilience4j/3.0.3/spring-cloud-starter-circuitbreaker-resilience4j-3.0.3.jar:/home/doug/.m2/repository/org/springframework/cloud/spring-cloud-starter/4.0.4/spring-cloud-starter-4.0.4.jar:/home/doug/.m2/repository/org/springframework/cloud/spring-cloud-context/4.0.4/spring-cloud-context-4.0.4.jar:/home/doug/.m2/repository/org/springframework/security/spring-security-rsa/1.0.12.RELEASE/spring-security-rsa-1.0.12.RELEASE.jar:/home/doug/.m2/repository/org/bouncycastle/bcpkix-jdk18on/1.73/bcpkix-jdk18on-1.73.jar:/home/doug/.m2/repository/org/bouncycastle/bcprov-jdk18on/1.73/bcprov-jdk18on-1.73.jar:/home/doug/.m2/repository/org/bouncycastle/bcutil-jdk18on/1.73/bcutil-jdk18on-1.73.jar:/home/doug/.m2/repository/org/springframework/cloud/spring-cloud-circuitbreaker-resilience4j/3.0.3/spring-cloud-circuitbreaker-resilience4j-3.0.3.jar:/home/doug/.m2/repository/io/github/resilience4j/resilience4j-spring-boot3/2.0.2/resilience4j-spring-boot3-2.0.2.jar:/home/doug/.m2/repository/io/github/resilience4j/resilience4j-spring6/2.0.2/resilience4j-spring6-2.0.2.jar:/home/doug/.m2/repository/io/github/resilience4j/resilience4j-annotations/2.0.2/resilience4j-annotations-2.0.2.jar:/home/doug/.m2/repository/io/github/resilience4j/resilience4j-consumer/2.0.2/resilience4j-consumer-2.0.2.jar:/home/doug/.m2/repository/io/github/resilience4j/resilience4j-circularbuffer/2.0.2/resilience4j-circularbuffer-2.0.2.jar:/home/doug/.m2/repository/io/github/resilience4j/resilience4j-framework-common/2.0.2/resilience4j-framework-common-2.0.2.jar:/home/doug/.m2/repository/io/github/resilience4j/resilience4j-micrometer/2.0.2/resilience4j-micrometer-2.0.2.jar:/home/doug/.m2/repository/io/github/resilience4j/resilience4j-retry/2.0.2/resilience4j-retry-2.0.2.jar:/home/doug/.m2/repository/io/github/resilience4j/resilience4j-ratelimiter/2.0.2/resilience4j-ratelimiter-2.0.2.jar:/home/doug/.m2/repository/io/github/resilience4j/resilience4j-circuitbreaker/2.0.2/resilience4j-circuitbreaker-2.0.2.jar:/home/doug/.m2/repository/io/github/resilience4j/resilience4j-core/2.0.2/resilience4j-core-2.0.2.jar:/home/doug/.m2/repository/io/github/resilience4j/resilience4j-timelimiter/2.0.2/resilience4j-timelimiter-2.0.2.jar:/home/doug/.m2/repository/org/postgresql/postgresql/42.6.0/postgresql-42.6.0.jar:/home/doug/.m2/repository/org/checkerframework/checker-qual/3.31.0/checker-qual-3.31.0.jar:/home/doug/.m2/repository/org/springframework/boot/spring-boot-starter-test/3.1.4/spring-boot-starter-test-3.1.4.jar:/home/doug/.m2/repository/org/springframework/boot/spring-boot-test/3.1.4/spring-boot-test-3.1.4.jar:/home/doug/.m2/repository/org/springframework/boot/spring-boot-test-autoconfigure/3.1.4/spring-boot-test-autoconfigure-3.1.4.jar:/home/doug/.m2/repository/com/jayway/jsonpath/json-path/2.8.0/json-path-2.8.0.jar:/home/doug/.m2/repository/net/minidev/json-smart/2.4.11/json-smart-2.4.11.jar:/home/doug/.m2/repository/net/minidev/accessors-smart/2.4.11/accessors-smart-2.4.11.jar:/home/doug/.m2/repository/org/ow2/asm/asm/9.3/asm-9.3.jar:/home/doug/.m2/repository/org/assertj/assertj-core/3.24.2/assertj-core-3.24.2.jar:/home/doug/.m2/repository/org/hamcrest/hamcrest/2.2/hamcrest-2.2.jar:/home/doug/.m2/repository/org/junit/jupiter/junit-jupiter/5.9.3/junit-jupiter-5.9.3.jar:/home/doug/.m2/repository/org/junit/jupiter/junit-jupiter-api/5.9.3/junit-jupiter-api-5.9.3.jar:/home/doug/.m2/repository/org/junit/jupiter/junit-jupiter-params/5.9.3/junit-jupiter-params-5.9.3.jar:/home/doug/.m2/repository/org/junit/jupiter/junit-jupiter-engine/5.9.3/junit-jupiter-engine-5.9.3.jar:/home/doug/.m2/repository/org/mockito/mockito-junit-jupiter/5.3.1/mockito-junit-jupiter-5.3.1.jar:/home/doug/.m2/repository/org/skyscreamer/jsonassert/1.5.1/jsonassert-1.5.1.jar:/home/doug/.m2/repository/com/vaadin/external/google/android-json/0.0.20131108.vaadin1/android-json-0.0.20131108.vaadin1.jar:/home/doug/.m2/repository/org/springframework/spring-core/6.0.12/spring-core-6.0.12.jar:/home/doug/.m2/repository/org/springframework/spring-jcl/6.0.12/spring-jcl-6.0.12.jar:/home/doug/.m2/repository/org/springframework/spring-test/6.0.12/spring-test-6.0.12.jar:/home/doug/.m2/repository/org/xmlunit/xmlunit-core/2.9.1/xmlunit-core-2.9.1.jar:/home/doug/.m2/repository/jakarta/validation/jakarta.validation-api/3.0.2/jakarta.validation-api-3.0.2.jar:/home/doug/.m2/repository/org/jetbrains/kotlin/kotlin-maven-noarg/2.0.0-RC2/kotlin-maven-noarg-2.0.0-RC2.jar:/home/doug/.m2/repository/org/jetbrains/kotlin/kotlin-noarg-compiler-plugin/2.0.0-RC2/kotlin-noarg-compiler-plugin-2.0.0-RC2.jar:/home/doug/.m2/repository/org/springdoc/springdoc-openapi-starter-webmvc-ui/2.0.3/springdoc-openapi-starter-webmvc-ui-2.0.3.jar:/home/doug/.m2/repository/org/springdoc/springdoc-openapi-starter-webmvc-api/2.0.3/springdoc-openapi-starter-webmvc-api-2.0.3.jar:/home/doug/.m2/repository/org/springdoc/springdoc-openapi-starter-common/2.0.3/springdoc-openapi-starter-common-2.0.3.jar:/home/doug/.m2/repository/io/swagger/core/v3/swagger-core-jakarta/2.2.8/swagger-core-jakarta-2.2.8.jar:/home/doug/.m2/repository/org/apache/commons/commons-lang3/3.12.0/commons-lang3-3.12.0.jar:/home/doug/.m2/repository/io/swagger/core/v3/swagger-annotations-jakarta/2.2.8/swagger-annotations-jakarta-2.2.8.jar:/home/doug/.m2/repository/io/swagger/core/v3/swagger-models-jakarta/2.2.8/swagger-models-jakarta-2.2.8.jar:/home/doug/.m2/repository/com/fasterxml/jackson/dataformat/jackson-dataformat-yaml/2.15.2/jackson-dataformat-yaml-2.15.2.jar:/home/doug/.m2/repository/org/webjars/swagger-ui/4.17.1/swagger-ui-4.17.1.jar:/home/doug/.m2/repository/org/webjars/webjars-locator-core/0.52/webjars-locator-core-0.52.jar:/home/doug/.m2/repository/io/github/classgraph/classgraph/4.8.149/classgraph-4.8.149.jar:/home/doug/.m2/repository/org/jetbrains/kotlinx/kotlinx-coroutines-core/1.6.0/kotlinx-coroutines-core-1.6.0.jar:/home/doug/.m2/repository/org/jetbrains/kotlinx/kotlinx-coroutines-core-jvm/1.6.4/kotlinx-coroutines-core-jvm-1.6.4.jar:/home/doug/.m2/repository/org/jetbrains/kotlin/kotlin-stdlib-common/2.0.0-RC2/kotlin-stdlib-common-2.0.0-RC2.jar:/home/doug/.m2/repository/org/mockito/kotlin/mockito-kotlin/3.2.0/mockito-kotlin-3.2.0.jar:/home/doug/.m2/repository/org/springframework/cloud/spring-cloud-starter-openfeign/4.0.4/spring-cloud-starter-openfeign-4.0.4.jar:/home/doug/.m2/repository/org/springframework/cloud/spring-cloud-openfeign-core/4.0.4/spring-cloud-openfeign-core-4.0.4.jar:/home/doug/.m2/repository/io/github/openfeign/form/feign-form-spring/3.8.0/feign-form-spring-3.8.0.jar:/home/doug/.m2/repository/io/github/openfeign/form/feign-form/3.8.0/feign-form-3.8.0.jar:/home/doug/.m2/repository/commons-fileupload/commons-fileupload/1.5/commons-fileupload-1.5.jar:/home/doug/.m2/repository/commons-io/commons-io/2.11.0/commons-io-2.11.0.jar:/home/doug/.m2/repository/org/springframework/cloud/spring-cloud-commons/4.0.4/spring-cloud-commons-4.0.4.jar:/home/doug/.m2/repository/org/springframework/security/spring-security-crypto/6.1.4/spring-security-crypto-6.1.4.jar:/home/doug/.m2/repository/io/github/openfeign/feign-core/12.4/feign-core-12.4.jar:/home/doug/.m2/repository/io/github/openfeign/feign-slf4j/12.4/feign-slf4j-12.4.jar:/home/doug/.m2/repository/io/cucumber/cucumber-spring/7.17.0/cucumber-spring-7.17.0.jar:/home/doug/.m2/repository/io/cucumber/cucumber-core/7.17.0/cucumber-core-7.17.0.jar:/home/doug/.m2/repository/io/cucumber/cucumber-gherkin/7.17.0/cucumber-gherkin-7.17.0.jar:/home/doug/.m2/repository/io/cucumber/cucumber-gherkin-messages/7.17.0/cucumber-gherkin-messages-7.17.0.jar:/home/doug/.m2/repository/io/cucumber/gherkin/28.0.0/gherkin-28.0.0.jar:/home/doug/.m2/repository/io/cucumber/messages/24.1.0/messages-24.1.0.jar:/home/doug/.m2/repository/io/cucumber/testng-xml-formatter/0.1.0/testng-xml-formatter-0.1.0.jar:/home/doug/.m2/repository/io/cucumber/query/12.2.0/query-12.2.0.jar:/home/doug/.m2/repository/io/cucumber/tag-expressions/6.1.0/tag-expressions-6.1.0.jar:/home/doug/.m2/repository/io/cucumber/cucumber-expressions/17.1.0/cucumber-expressions-17.1.0.jar:/home/doug/.m2/repository/io/cucumber/datatable/7.17.0/datatable-7.17.0.jar:/home/doug/.m2/repository/io/cucumber/cucumber-plugin/7.17.0/cucumber-plugin-7.17.0.jar:/home/doug/.m2/repository/io/cucumber/docstring/7.17.0/docstring-7.17.0.jar:/home/doug/.m2/repository/io/cucumber/html-formatter/21.3.1/html-formatter-21.3.1.jar:/home/doug/.m2/repository/io/cucumber/junit-xml-formatter/0.4.0/junit-xml-formatter-0.4.0.jar:/home/doug/.m2/repository/io/cucumber/ci-environment/10.0.1/ci-environment-10.0.1.jar:/home/doug/.m2/repository/org/apiguardian/apiguardian-api/1.1.2/apiguardian-api-1.1.2.jar:/home/doug/.m2/repository/io/cucumber/cucumber-java/7.17.0/cucumber-java-7.17.0.jar:/home/doug/.m2/repository/io/cucumber/cucumber-junit-platform-engine/7.17.0/cucumber-junit-platform-engine-7.17.0.jar:/home/doug/.m2/repository/org/junit/platform/junit-platform-engine/1.9.3/junit-platform-engine-1.9.3.jar:/home/doug/.m2/repository/org/opentest4j/opentest4j/1.2.0/opentest4j-1.2.0.jar:/home/doug/.m2/repository/org/junit/platform/junit-platform-commons/1.9.3/junit-platform-commons-1.9.3.jar:/home/doug/.m2/repository/org/junit/platform/junit-platform-suite/1.9.3/junit-platform-suite-1.9.3.jar:/home/doug/.m2/repository/org/junit/platform/junit-platform-suite-api/1.9.3/junit-platform-suite-api-1.9.3.jar:/home/doug/.m2/repository/org/junit/platform/junit-platform-suite-engine/1.9.3/junit-platform-suite-engine-1.9.3.jar:/home/doug/.m2/repository/org/junit/platform/junit-platform-suite-commons/1.9.3/junit-platform-suite-commons-1.9.3.jar:/home/doug/.m2/repository/org/junit/platform/junit-platform-launcher/1.9.3/junit-platform-launcher-1.9.3.jar:/home/doug/.m2/repository/io/github/openfeign/feign-okhttp/13.2.1/feign-okhttp-13.2.1.jar:/home/doug/.m2/repository/com/squareup/okhttp3/okhttp/4.10.0/okhttp-4.10.0.jar:/home/doug/.m2/repository/com/squareup/okio/okio-jvm/3.0.0/okio-jvm-3.0.0.jar:/home/doug/.m2/repository/com/h2database/h2/2.2.224/h2-2.2.224.jar:"/>
    <property name="java.vm.vendor" value="Oracle Corporation"/>
    <property name="sun.arch.data.model" value="64"/>
    <property name="java.vendor.url" value="https://java.oracle.com/"/>
    <property name="catalina.useNaming" value="false"/>
    <property name="user.timezone" value="America/Sao_Paulo"/>
    <property name="org.jboss.logging.provider" value="slf4j"/>
    <property name="os.name" value="Linux"/>
    <property name="java.vm.specification.version" value="21"/>
    <property name="sun.java.launcher" value="SUN_STANDARD"/>
    <property name="user.country" value="BR"/>
    <property name="sun.boot.library.path" value="/home/doug/.jdks/openjdk-21/lib"/>
    <property name="sun.java.command" value="/home/doug/Dev/Kotlin/postech-fiap-lanchonete-cliente-ms/target/surefire/surefirebooter-20240804205143718_3.jar /home/doug/Dev/Kotlin/postech-fiap-lanchonete-cliente-ms/target/surefire 2024-08-04T20-51-43_684-jvmRun1 surefire-20240804205143718_1tmp surefire_0-20240804205143718_2tmp"/>
    <property name="jdk.debug" value="release"/>
    <property name="surefire.test.class.path" value="/home/doug/Dev/Kotlin/postech-fiap-lanchonete-cliente-ms/target/test-classes:/home/doug/Dev/Kotlin/postech-fiap-lanchonete-cliente-ms/target/classes:/home/doug/.m2/repository/org/springframework/boot/spring-boot-starter-actuator/3.1.4/spring-boot-starter-actuator-3.1.4.jar:/home/doug/.m2/repository/org/springframework/boot/spring-boot-starter/3.1.4/spring-boot-starter-3.1.4.jar:/home/doug/.m2/repository/org/springframework/boot/spring-boot/3.1.4/spring-boot-3.1.4.jar:/home/doug/.m2/repository/org/springframework/boot/spring-boot-autoconfigure/3.1.4/spring-boot-autoconfigure-3.1.4.jar:/home/doug/.m2/repository/org/springframework/boot/spring-boot-starter-logging/3.1.4/spring-boot-starter-logging-3.1.4.jar:/home/doug/.m2/repository/ch/qos/logback/logback-classic/1.4.11/logback-classic-1.4.11.jar:/home/doug/.m2/repository/ch/qos/logback/logback-core/1.4.11/logback-core-1.4.11.jar:/home/doug/.m2/repository/org/apache/logging/log4j/log4j-to-slf4j/2.20.0/log4j-to-slf4j-2.20.0.jar:/home/doug/.m2/repository/org/apache/logging/log4j/log4j-api/2.20.0/log4j-api-2.20.0.jar:/home/doug/.m2/repository/org/slf4j/jul-to-slf4j/2.0.9/jul-to-slf4j-2.0.9.jar:/home/doug/.m2/repository/jakarta/annotation/jakarta.annotation-api/2.1.1/jakarta.annotation-api-2.1.1.jar:/home/doug/.m2/repository/org/yaml/snakeyaml/1.33/snakeyaml-1.33.jar:/home/doug/.m2/repository/org/springframework/boot/spring-boot-actuator-autoconfigure/3.1.4/spring-boot-actuator-autoconfigure-3.1.4.jar:/home/doug/.m2/repository/org/springframework/boot/spring-boot-actuator/3.1.4/spring-boot-actuator-3.1.4.jar:/home/doug/.m2/repository/com/fasterxml/jackson/datatype/jackson-datatype-jsr310/2.15.2/jackson-datatype-jsr310-2.15.2.jar:/home/doug/.m2/repository/io/micrometer/micrometer-observation/1.11.4/micrometer-observation-1.11.4.jar:/home/doug/.m2/repository/io/micrometer/micrometer-commons/1.11.4/micrometer-commons-1.11.4.jar:/home/doug/.m2/repository/io/micrometer/micrometer-core/1.11.4/micrometer-core-1.11.4.jar:/home/doug/.m2/repository/org/hdrhistogram/HdrHistogram/2.1.12/HdrHistogram-2.1.12.jar:/home/doug/.m2/repository/org/latencyutils/LatencyUtils/2.0.3/LatencyUtils-2.0.3.jar:/home/doug/.m2/repository/org/springframework/boot/spring-boot-starter-validation/3.1.4/spring-boot-starter-validation-3.1.4.jar:/home/doug/.m2/repository/org/apache/tomcat/embed/tomcat-embed-el/10.1.13/tomcat-embed-el-10.1.13.jar:/home/doug/.m2/repository/org/hibernate/validator/hibernate-validator/8.0.1.Final/hibernate-validator-8.0.1.Final.jar:/home/doug/.m2/repository/org/springframework/boot/spring-boot-starter-web/3.1.4/spring-boot-starter-web-3.1.4.jar:/home/doug/.m2/repository/org/springframework/boot/spring-boot-starter-json/3.1.4/spring-boot-starter-json-3.1.4.jar:/home/doug/.m2/repository/com/fasterxml/jackson/datatype/jackson-datatype-jdk8/2.15.2/jackson-datatype-jdk8-2.15.2.jar:/home/doug/.m2/repository/com/fasterxml/jackson/module/jackson-module-parameter-names/2.15.2/jackson-module-parameter-names-2.15.2.jar:/home/doug/.m2/repository/org/springframework/boot/spring-boot-starter-tomcat/3.1.4/spring-boot-starter-tomcat-3.1.4.jar:/home/doug/.m2/repository/org/apache/tomcat/embed/tomcat-embed-core/10.1.13/tomcat-embed-core-10.1.13.jar:/home/doug/.m2/repository/org/apache/tomcat/embed/tomcat-embed-websocket/10.1.13/tomcat-embed-websocket-10.1.13.jar:/home/doug/.m2/repository/org/springframework/spring-web/6.0.12/spring-web-6.0.12.jar:/home/doug/.m2/repository/org/springframework/spring-beans/6.0.12/spring-beans-6.0.12.jar:/home/doug/.m2/repository/org/springframework/spring-webmvc/6.0.12/spring-webmvc-6.0.12.jar:/home/doug/.m2/repository/org/springframework/spring-aop/6.0.12/spring-aop-6.0.12.jar:/home/doug/.m2/repository/org/springframework/spring-context/6.0.12/spring-context-6.0.12.jar:/home/doug/.m2/repository/org/springframework/spring-expression/6.0.12/spring-expression-6.0.12.jar:/home/doug/.m2/repository/org/springframework/boot/spring-boot-starter-data-jpa/3.1.4/spring-boot-starter-data-jpa-3.1.4.jar:/home/doug/.m2/repository/org/springframework/boot/spring-boot-starter-aop/3.1.4/spring-boot-starter-aop-3.1.4.jar:/home/doug/.m2/repository/org/aspectj/aspectjweaver/1.9.20/aspectjweaver-1.9.20.jar:/home/doug/.m2/repository/org/springframework/boot/spring-boot-starter-jdbc/3.1.4/spring-boot-starter-jdbc-3.1.4.jar:/home/doug/.m2/repository/com/zaxxer/HikariCP/5.0.1/HikariCP-5.0.1.jar:/home/doug/.m2/repository/org/springframework/spring-jdbc/6.0.12/spring-jdbc-6.0.12.jar:/home/doug/.m2/repository/org/springframework/data/spring-data-jpa/3.1.4/spring-data-jpa-3.1.4.jar:/home/doug/.m2/repository/org/springframework/data/spring-data-commons/3.1.4/spring-data-commons-3.1.4.jar:/home/doug/.m2/repository/org/springframework/spring-orm/6.0.12/spring-orm-6.0.12.jar:/home/doug/.m2/repository/org/springframework/spring-tx/6.0.12/spring-tx-6.0.12.jar:/home/doug/.m2/repository/org/slf4j/slf4j-api/2.0.9/slf4j-api-2.0.9.jar:/home/doug/.m2/repository/org/springframework/spring-aspects/6.0.12/spring-aspects-6.0.12.jar:/home/doug/.m2/repository/org/hibernate/orm/hibernate-core/6.3.1.Final/hibernate-core-6.3.1.Final.jar:/home/doug/.m2/repository/jakarta/persistence/jakarta.persistence-api/3.1.0/jakarta.persistence-api-3.1.0.jar:/home/doug/.m2/repository/jakarta/transaction/jakarta.transaction-api/2.0.1/jakarta.transaction-api-2.0.1.jar:/home/doug/.m2/repository/org/jboss/logging/jboss-logging/3.5.3.Final/jboss-logging-3.5.3.Final.jar:/home/doug/.m2/repository/org/hibernate/common/hibernate-commons-annotations/6.0.6.Final/hibernate-commons-annotations-6.0.6.Final.jar:/home/doug/.m2/repository/io/smallrye/jandex/3.1.2/jandex-3.1.2.jar:/home/doug/.m2/repository/com/fasterxml/classmate/1.5.1/classmate-1.5.1.jar:/home/doug/.m2/repository/net/bytebuddy/byte-buddy/1.14.8/byte-buddy-1.14.8.jar:/home/doug/.m2/repository/jakarta/xml/bind/jakarta.xml.bind-api/4.0.1/jakarta.xml.bind-api-4.0.1.jar:/home/doug/.m2/repository/jakarta/activation/jakarta.activation-api/2.1.2/jakarta.activation-api-2.1.2.jar:/home/doug/.m2/repository/org/glassfish/jaxb/jaxb-runtime/4.0.3/jaxb-runtime-4.0.3.jar:/home/doug/.m2/repository/org/glassfish/jaxb/jaxb-core/4.0.3/jaxb-core-4.0.3.jar:/home/doug/.m2/repository/org/eclipse/angus/angus-activation/2.0.1/angus-activation-2.0.1.jar:/home/doug/.m2/repository/org/glassfish/jaxb/txw2/4.0.3/txw2-4.0.3.jar:/home/doug/.m2/repository/com/sun/istack/istack-commons-runtime/4.1.2/istack-commons-runtime-4.1.2.jar:/home/doug/.m2/repository/jakarta/inject/jakarta.inject-api/2.0.1/jakarta.inject-api-2.0.1.jar:/home/doug/.m2/repository/org/antlr/antlr4-runtime/4.10.1/antlr4-runtime-4.10.1.jar:/home/doug/.m2/repository/org/mockito/mockito-core/5.3.1/mockito-core-5.3.1.jar:/home/doug/.m2/repository/net/bytebuddy/byte-buddy-agent/1.14.8/byte-buddy-agent-1.14.8.jar:/home/doug/.m2/repository/org/objenesis/objenesis/3.3/objenesis-3.3.jar:/home/doug/.m2/repository/com/fasterxml/jackson/module/jackson-module-kotlin/2.15.2/jackson-module-kotlin-2.15.2.jar:/home/doug/.m2/repository/com/fasterxml/jackson/core/jackson-databind/2.15.2/jackson-databind-2.15.2.jar:/home/doug/.m2/repository/com/fasterxml/jackson/core/jackson-core/2.15.2/jackson-core-2.15.2.jar:/home/doug/.m2/repository/com/fasterxml/jackson/core/jackson-annotations/2.15.2/jackson-annotations-2.15.2.jar:/home/doug/.m2/repository/org/jetbrains/kotlin/kotlin-reflect/2.0.0-RC2/kotlin-reflect-2.0.0-RC2.jar:/home/doug/.m2/repository/org/jetbrains/kotlin/kotlin-stdlib/2.0.0-RC2/kotlin-stdlib-2.0.0-RC2.jar:/home/doug/.m2/repository/org/jetbrains/annotations/13.0/annotations-13.0.jar:/home/doug/.m2/repository/org/jetbrains/kotlin/kotlin-stdlib-jdk8/2.0.0-RC2/kotlin-stdlib-jdk8-2.0.0-RC2.jar:/home/doug/.m2/repository/org/jetbrains/kotlin/kotlin-stdlib-jdk7/2.0.0-RC2/kotlin-stdlib-jdk7-2.0.0-RC2.jar:/home/doug/.m2/repository/org/jetbrains/kotlin/kotlin-maven-allopen/2.0.0-RC2/kotlin-maven-allopen-2.0.0-RC2.jar:/home/doug/.m2/repository/org/jetbrains/kotlin/kotlin-allopen-compiler-plugin/2.0.0-RC2/kotlin-allopen-compiler-plugin-2.0.0-RC2.jar:/home/doug/.m2/repository/org/springframework/cloud/spring-cloud-starter-circuitbreaker-resilience4j/3.0.3/spring-cloud-starter-circuitbreaker-resilience4j-3.0.3.jar:/home/doug/.m2/repository/org/springframework/cloud/spring-cloud-starter/4.0.4/spring-cloud-starter-4.0.4.jar:/home/doug/.m2/repository/org/springframework/cloud/spring-cloud-context/4.0.4/spring-cloud-context-4.0.4.jar:/home/doug/.m2/repository/org/springframework/security/spring-security-rsa/1.0.12.RELEASE/spring-security-rsa-1.0.12.RELEASE.jar:/home/doug/.m2/repository/org/bouncycastle/bcpkix-jdk18on/1.73/bcpkix-jdk18on-1.73.jar:/home/doug/.m2/repository/org/bouncycastle/bcprov-jdk18on/1.73/bcprov-jdk18on-1.73.jar:/home/doug/.m2/repository/org/bouncycastle/bcutil-jdk18on/1.73/bcutil-jdk18on-1.73.jar:/home/doug/.m2/repository/org/springframework/cloud/spring-cloud-circuitbreaker-resilience4j/3.0.3/spring-cloud-circuitbreaker-resilience4j-3.0.3.jar:/home/doug/.m2/repository/io/github/resilience4j/resilience4j-spring-boot3/2.0.2/resilience4j-spring-boot3-2.0.2.jar:/home/doug/.m2/repository/io/github/resilience4j/resilience4j-spring6/2.0.2/resilience4j-spring6-2.0.2.jar:/home/doug/.m2/repository/io/github/resilience4j/resilience4j-annotations/2.0.2/resilience4j-annotations-2.0.2.jar:/home/doug/.m2/repository/io/github/resilience4j/resilience4j-consumer/2.0.2/resilience4j-consumer-2.0.2.jar:/home/doug/.m2/repository/io/github/resilience4j/resilience4j-circularbuffer/2.0.2/resilience4j-circularbuffer-2.0.2.jar:/home/doug/.m2/repository/io/github/resilience4j/resilience4j-framework-common/2.0.2/resilience4j-framework-common-2.0.2.jar:/home/doug/.m2/repository/io/github/resilience4j/resilience4j-micrometer/2.0.2/resilience4j-micrometer-2.0.2.jar:/home/doug/.m2/repository/io/github/resilience4j/resilience4j-retry/2.0.2/resilience4j-retry-2.0.2.jar:/home/doug/.m2/repository/io/github/resilience4j/resilience4j-ratelimiter/2.0.2/resilience4j-ratelimiter-2.0.2.jar:/home/doug/.m2/repository/io/github/resilience4j/resilience4j-circuitbreaker/2.0.2/resilience4j-circuitbreaker-2.0.2.jar:/home/doug/.m2/repository/io/github/resilience4j/resilience4j-core/2.0.2/resilience4j-core-2.0.2.jar:/home/doug/.m2/repository/io/github/resilience4j/resilience4j-timelimiter/2.0.2/resilience4j-timelimiter-2.0.2.jar:/home/doug/.m2/repository/org/postgresql/postgresql/42.6.0/postgresql-42.6.0.jar:/home/doug/.m2/repository/org/checkerframework/checker-qual/3.31.0/checker-qual-3.31.0.jar:/home/doug/.m2/repository/org/springframework/boot/spring-boot-starter-test/3.1.4/spring-boot-starter-test-3.1.4.jar:/home/doug/.m2/repository/org/springframework/boot/spring-boot-test/3.1.4/spring-boot-test-3.1.4.jar:/home/doug/.m2/repository/org/springframework/boot/spring-boot-test-autoconfigure/3.1.4/spring-boot-test-autoconfigure-3.1.4.jar:/home/doug/.m2/repository/com/jayway/jsonpath/json-path/2.8.0/json-path-2.8.0.jar:/home/doug/.m2/repository/net/minidev/json-smart/2.4.11/json-smart-2.4.11.jar:/home/doug/.m2/repository/net/minidev/accessors-smart/2.4.11/accessors-smart-2.4.11.jar:/home/doug/.m2/repository/org/ow2/asm/asm/9.3/asm-9.3.jar:/home/doug/.m2/repository/org/assertj/assertj-core/3.24.2/assertj-core-3.24.2.jar:/home/doug/.m2/repository/org/hamcrest/hamcrest/2.2/hamcrest-2.2.jar:/home/doug/.m2/repository/org/junit/jupiter/junit-jupiter/5.9.3/junit-jupiter-5.9.3.jar:/home/doug/.m2/repository/org/junit/jupiter/junit-jupiter-api/5.9.3/junit-jupiter-api-5.9.3.jar:/home/doug/.m2/repository/org/junit/jupiter/junit-jupiter-params/5.9.3/junit-jupiter-params-5.9.3.jar:/home/doug/.m2/repository/org/junit/jupiter/junit-jupiter-engine/5.9.3/junit-jupiter-engine-5.9.3.jar:/home/doug/.m2/repository/org/mockito/mockito-junit-jupiter/5.3.1/mockito-junit-jupiter-5.3.1.jar:/home/doug/.m2/repository/org/skyscreamer/jsonassert/1.5.1/jsonassert-1.5.1.jar:/home/doug/.m2/repository/com/vaadin/external/google/android-json/0.0.20131108.vaadin1/android-json-0.0.20131108.vaadin1.jar:/home/doug/.m2/repository/org/springframework/spring-core/6.0.12/spring-core-6.0.12.jar:/home/doug/.m2/repository/org/springframework/spring-jcl/6.0.12/spring-jcl-6.0.12.jar:/home/doug/.m2/repository/org/springframework/spring-test/6.0.12/spring-test-6.0.12.jar:/home/doug/.m2/repository/org/xmlunit/xmlunit-core/2.9.1/xmlunit-core-2.9.1.jar:/home/doug/.m2/repository/jakarta/validation/jakarta.validation-api/3.0.2/jakarta.validation-api-3.0.2.jar:/home/doug/.m2/repository/org/jetbrains/kotlin/kotlin-maven-noarg/2.0.0-RC2/kotlin-maven-noarg-2.0.0-RC2.jar:/home/doug/.m2/repository/org/jetbrains/kotlin/kotlin-noarg-compiler-plugin/2.0.0-RC2/kotlin-noarg-compiler-plugin-2.0.0-RC2.jar:/home/doug/.m2/repository/org/springdoc/springdoc-openapi-starter-webmvc-ui/2.0.3/springdoc-openapi-starter-webmvc-ui-2.0.3.jar:/home/doug/.m2/repository/org/springdoc/springdoc-openapi-starter-webmvc-api/2.0.3/springdoc-openapi-starter-webmvc-api-2.0.3.jar:/home/doug/.m2/repository/org/springdoc/springdoc-openapi-starter-common/2.0.3/springdoc-openapi-starter-common-2.0.3.jar:/home/doug/.m2/repository/io/swagger/core/v3/swagger-core-jakarta/2.2.8/swagger-core-jakarta-2.2.8.jar:/home/doug/.m2/repository/org/apache/commons/commons-lang3/3.12.0/commons-lang3-3.12.0.jar:/home/doug/.m2/repository/io/swagger/core/v3/swagger-annotations-jakarta/2.2.8/swagger-annotations-jakarta-2.2.8.jar:/home/doug/.m2/repository/io/swagger/core/v3/swagger-models-jakarta/2.2.8/swagger-models-jakarta-2.2.8.jar:/home/doug/.m2/repository/com/fasterxml/jackson/dataformat/jackson-dataformat-yaml/2.15.2/jackson-dataformat-yaml-2.15.2.jar:/home/doug/.m2/repository/org/webjars/swagger-ui/4.17.1/swagger-ui-4.17.1.jar:/home/doug/.m2/repository/org/webjars/webjars-locator-core/0.52/webjars-locator-core-0.52.jar:/home/doug/.m2/repository/io/github/classgraph/classgraph/4.8.149/classgraph-4.8.149.jar:/home/doug/.m2/repository/org/jetbrains/kotlinx/kotlinx-coroutines-core/1.6.0/kotlinx-coroutines-core-1.6.0.jar:/home/doug/.m2/repository/org/jetbrains/kotlinx/kotlinx-coroutines-core-jvm/1.6.4/kotlinx-coroutines-core-jvm-1.6.4.jar:/home/doug/.m2/repository/org/jetbrains/kotlin/kotlin-stdlib-common/2.0.0-RC2/kotlin-stdlib-common-2.0.0-RC2.jar:/home/doug/.m2/repository/org/mockito/kotlin/mockito-kotlin/3.2.0/mockito-kotlin-3.2.0.jar:/home/doug/.m2/repository/org/springframework/cloud/spring-cloud-starter-openfeign/4.0.4/spring-cloud-starter-openfeign-4.0.4.jar:/home/doug/.m2/repository/org/springframework/cloud/spring-cloud-openfeign-core/4.0.4/spring-cloud-openfeign-core-4.0.4.jar:/home/doug/.m2/repository/io/github/openfeign/form/feign-form-spring/3.8.0/feign-form-spring-3.8.0.jar:/home/doug/.m2/repository/io/github/openfeign/form/feign-form/3.8.0/feign-form-3.8.0.jar:/home/doug/.m2/repository/commons-fileupload/commons-fileupload/1.5/commons-fileupload-1.5.jar:/home/doug/.m2/repository/commons-io/commons-io/2.11.0/commons-io-2.11.0.jar:/home/doug/.m2/repository/org/springframework/cloud/spring-cloud-commons/4.0.4/spring-cloud-commons-4.0.4.jar:/home/doug/.m2/repository/org/springframework/security/spring-security-crypto/6.1.4/spring-security-crypto-6.1.4.jar:/home/doug/.m2/repository/io/github/openfeign/feign-core/12.4/feign-core-12.4.jar:/home/doug/.m2/repository/io/github/openfeign/feign-slf4j/12.4/feign-slf4j-12.4.jar:/home/doug/.m2/repository/io/cucumber/cucumber-spring/7.17.0/cucumber-spring-7.17.0.jar:/home/doug/.m2/repository/io/cucumber/cucumber-core/7.17.0/cucumber-core-7.17.0.jar:/home/doug/.m2/repository/io/cucumber/cucumber-gherkin/7.17.0/cucumber-gherkin-7.17.0.jar:/home/doug/.m2/repository/io/cucumber/cucumber-gherkin-messages/7.17.0/cucumber-gherkin-messages-7.17.0.jar:/home/doug/.m2/repository/io/cucumber/gherkin/28.0.0/gherkin-28.0.0.jar:/home/doug/.m2/repository/io/cucumber/messages/24.1.0/messages-24.1.0.jar:/home/doug/.m2/repository/io/cucumber/testng-xml-formatter/0.1.0/testng-xml-formatter-0.1.0.jar:/home/doug/.m2/repository/io/cucumber/query/12.2.0/query-12.2.0.jar:/home/doug/.m2/repository/io/cucumber/tag-expressions/6.1.0/tag-expressions-6.1.0.jar:/home/doug/.m2/repository/io/cucumber/cucumber-expressions/17.1.0/cucumber-expressions-17.1.0.jar:/home/doug/.m2/repository/io/cucumber/datatable/7.17.0/datatable-7.17.0.jar:/home/doug/.m2/repository/io/cucumber/cucumber-plugin/7.17.0/cucumber-plugin-7.17.0.jar:/home/doug/.m2/repository/io/cucumber/docstring/7.17.0/docstring-7.17.0.jar:/home/doug/.m2/repository/io/cucumber/html-formatter/21.3.1/html-formatter-21.3.1.jar:/home/doug/.m2/repository/io/cucumber/junit-xml-formatter/0.4.0/junit-xml-formatter-0.4.0.jar:/home/doug/.m2/repository/io/cucumber/ci-environment/10.0.1/ci-environment-10.0.1.jar:/home/doug/.m2/repository/org/apiguardian/apiguardian-api/1.1.2/apiguardian-api-1.1.2.jar:/home/doug/.m2/repository/io/cucumber/cucumber-java/7.17.0/cucumber-java-7.17.0.jar:/home/doug/.m2/repository/io/cucumber/cucumber-junit-platform-engine/7.17.0/cucumber-junit-platform-engine-7.17.0.jar:/home/doug/.m2/repository/org/junit/platform/junit-platform-engine/1.9.3/junit-platform-engine-1.9.3.jar:/home/doug/.m2/repository/org/opentest4j/opentest4j/1.2.0/opentest4j-1.2.0.jar:/home/doug/.m2/repository/org/junit/platform/junit-platform-commons/1.9.3/junit-platform-commons-1.9.3.jar:/home/doug/.m2/repository/org/junit/platform/junit-platform-suite/1.9.3/junit-platform-suite-1.9.3.jar:/home/doug/.m2/repository/org/junit/platform/junit-platform-suite-api/1.9.3/junit-platform-suite-api-1.9.3.jar:/home/doug/.m2/repository/org/junit/platform/junit-platform-suite-engine/1.9.3/junit-platform-suite-engine-1.9.3.jar:/home/doug/.m2/repository/org/junit/platform/junit-platform-suite-commons/1.9.3/junit-platform-suite-commons-1.9.3.jar:/home/doug/.m2/repository/org/junit/platform/junit-platform-launcher/1.9.3/junit-platform-launcher-1.9.3.jar:/home/doug/.m2/repository/io/github/openfeign/feign-okhttp/13.2.1/feign-okhttp-13.2.1.jar:/home/doug/.m2/repository/com/squareup/okhttp3/okhttp/4.10.0/okhttp-4.10.0.jar:/home/doug/.m2/repository/com/squareup/okio/okio-jvm/3.0.0/okio-jvm-3.0.0.jar:/home/doug/.m2/repository/com/h2database/h2/2.2.224/h2-2.2.224.jar:"/>
    <property name="sun.cpu.endian" value="little"/>
    <property name="user.home" value="/home/doug"/>
    <property name="user.language" value="pt"/>
    <property name="java.specification.vendor" value="Oracle Corporation"/>
    <property name="java.version.date" value="2023-09-19"/>
    <property name="java.home" value="/home/doug/.jdks/openjdk-21"/>
    <property name="file.separator" value="/"/>
    <property name="basedir" value="/home/doug/Dev/Kotlin/postech-fiap-lanchonete-cliente-ms"/>
    <property name="java.vm.compressedOopsMode" value="Zero based"/>
    <property name="line.separator" value="&#10;"/>
    <property name="java.vm.specification.vendor" value="Oracle Corporation"/>
    <property name="java.specification.name" value="Java Platform API Specification"/>
    <property name="FILE_LOG_CHARSET" value="UTF-8"/>
    <property name="java.awt.headless" value="true"/>
    <property name="surefire.real.class.path" value="/home/doug/Dev/Kotlin/postech-fiap-lanchonete-cliente-ms/target/surefire/surefirebooter-20240804205143718_3.jar"/>
    <property name="junit.platform.listeners.uid.tracking.enabled" value="true"/>
    <property name="sun.management.compiler" value="HotSpot 64-Bit Tiered Compilers"/>
    <property name="junit.platform.listeners.uid.tracking.output.dir" value="/home/doug/Dev/Kotlin/postech-fiap-lanchonete-cliente-ms/target/test-ids"/>
    <property name="java.runtime.version" value="21+35-2513"/>
    <property name="user.name" value="doug"/>
    <property name="stdout.encoding" value="UTF-8"/>
    <property name="path.separator" value=":"/>
    <property name="os.version" value="6.5.0-44-generic"/>
    <property name="java.runtime.name" value="OpenJDK Runtime Environment"/>
    <property name="file.encoding" value="UTF-8"/>
    <property name="java.vm.name" value="OpenJDK 64-Bit Server VM"/>
    <property name="localRepository" value="/home/doug/.m2/repository"/>
    <property name="java.vendor.url.bug" value="https://bugreport.java.com/bugreport/"/>
    <property name="java.io.tmpdir" value="/tmp"/>
    <property name="idea.version" value="2024.1.4"/>
    <property name="catalina.home" value="/tmp/tomcat.8180.5944884910592436973"/>
    <property name="com.zaxxer.hikari.pool_number" value="1"/>
    <property name="java.version" value="21"/>
    <property name="user.dir" value="/home/doug/Dev/Kotlin/postech-fiap-lanchonete-cliente-ms"/>
    <property name="os.arch" value="amd64"/>
    <property name="java.vm.specification.name" value="Java Virtual Machine Specification"/>
    <property name="PID" value="72653"/>
    <property name="CONSOLE_LOG_CHARSET" value="UTF-8"/>
    <property name="catalina.base" value="/tmp/tomcat.8180.5944884910592436973"/>
    <property name="native.encoding" value="UTF-8"/>
    <property name="java.library.path" value="/usr/java/packages/lib:/usr/lib64:/lib64:/lib:/usr/lib"/>
    <property name="java.vm.info" value="mixed mode, sharing"/>
    <property name="stderr.encoding" value="UTF-8"/>
    <property name="java.vendor" value="Oracle Corporation"/>
    <property name="java.vm.version" value="21+35-2513"/>
    <property name="sun.io.unicode.encoding" value="UnicodeLittle"/>
    <property name="java.class.version" value="65.0"/>
  </properties>
  <testcase name="Gerenciamento de clientes via HTTP - : Criar um novo cliente - Examples - Example #1.1" classname="Gerenciamento de clientes via HTTP - : Criar um novo cliente - Examples" time="5.251">
    <system-out><![CDATA[
  .   ____          _            __ _ _
 /\\ / ___'_ __ _ _(_)_ __  __ _ \ \ \ \
( ( )\___ | '_ | '_| | '_ \/ _` | \ \ \ \
 \\/  ___)| |_)| | | | | || (_| |  ) ) ) )
  '  |____| .__|_| |_|_| |_\__, | / / / /
 =========|_|==============|___/=/_/_/_/
 :: Spring Boot ::                (v3.1.4)

2024-08-04T20:51:46.183-03:00  INFO 72653 --- [           main] b.c.f.l.c.i.CucumberConfiguration        : Starting CucumberConfiguration using Java 21 with PID 72653 (started by doug in /home/doug/Dev/Kotlin/postech-fiap-lanchonete-cliente-ms)
2024-08-04T20:51:46.184-03:00  INFO 72653 --- [           main] b.c.f.l.c.i.CucumberConfiguration        : The following 1 profile is active: "test"
2024-08-04T20:51:46.923-03:00  INFO 72653 --- [           main] .s.d.r.c.RepositoryConfigurationDelegate : Bootstrapping Spring Data JPA repositories in DEFAULT mode.
2024-08-04T20:51:46.954-03:00  INFO 72653 --- [           main] .s.d.r.c.RepositoryConfigurationDelegate : Finished Spring Data repository scanning in 26 ms. Found 1 JPA repository interfaces.
2024-08-04T20:51:47.155-03:00  INFO 72653 --- [           main] o.s.cloud.context.scope.GenericScope     : BeanFactory id=6c6ac994-50e2-3e48-abca-19cb215a8b02
2024-08-04T20:51:47.221-03:00  INFO 72653 --- [           main] trationDelegate$BeanPostProcessorChecker : Bean 'br.com.fiap.lanchonete.cliente.client.ClienteCucumberClient' of type [org.springframework.cloud.openfeign.FeignClientFactoryBean] is not eligible for getting processed by all BeanPostProcessors (for example: not eligible for auto-proxying)
2024-08-04T20:51:47.613-03:00  INFO 72653 --- [           main] o.s.b.w.embedded.tomcat.TomcatWebServer  : Tomcat initialized with port(s): 8180 (http)
2024-08-04T20:51:47.621-03:00  INFO 72653 --- [           main] o.apache.catalina.core.StandardService   : Starting service [Tomcat]
2024-08-04T20:51:47.621-03:00  INFO 72653 --- [           main] o.apache.catalina.core.StandardEngine    : Starting Servlet engine: [Apache Tomcat/10.1.13]
2024-08-04T20:51:47.688-03:00  INFO 72653 --- [           main] a.c.c.C.[.[.[/lanchonete-cliente/api/v1] : Initializing Spring embedded WebApplicationContext
2024-08-04T20:51:47.689-03:00  INFO 72653 --- [           main] w.s.c.ServletWebServerApplicationContext : Root WebApplicationContext: initialization completed in 1486 ms
2024-08-04T20:51:47.787-03:00  INFO 72653 --- [           main] com.zaxxer.hikari.HikariDataSource       : HikariPool-1 - Starting...
2024-08-04T20:51:48.003-03:00  INFO 72653 --- [           main] com.zaxxer.hikari.pool.HikariPool        : HikariPool-1 - Added connection conn0: url=jdbc:h2:mem:testdb/lanchonete user=USERNAME
2024-08-04T20:51:48.004-03:00  INFO 72653 --- [           main] com.zaxxer.hikari.HikariDataSource       : HikariPool-1 - Start completed.
2024-08-04T20:51:48.013-03:00  INFO 72653 --- [           main] o.s.b.a.h2.H2ConsoleAutoConfiguration    : H2 console available at '/h2-console'. Database available at 'jdbc:h2:mem:testdb/lanchonete'
2024-08-04T20:51:48.160-03:00  INFO 72653 --- [           main] o.hibernate.jpa.internal.util.LogHelper  : HHH000204: Processing PersistenceUnitInfo [name: default]
2024-08-04T20:51:48.202-03:00  INFO 72653 --- [           main] org.hibernate.Version                    : HHH000412: Hibernate ORM core version 6.3.1.Final
2024-08-04T20:51:48.227-03:00  INFO 72653 --- [           main] o.h.c.internal.RegionFactoryInitiator    : HHH000026: Second-level cache disabled
2024-08-04T20:51:48.304-03:00  INFO 72653 --- [           main] o.s.o.j.p.SpringPersistenceUnitInfo      : No LoadTimeWeaver setup: ignoring JPA class transformer
2024-08-04T20:51:48.333-03:00  WARN 72653 --- [           main] org.hibernate.orm.deprecation            : HHH90000025: H2Dialect does not need to be specified explicitly using 'hibernate.dialect' (remove the property setting and it will be selected by default)
2024-08-04T20:51:48.761-03:00  INFO 72653 --- [           main] o.h.e.t.j.p.i.JtaPlatformInitiator       : HHH000489: No JTA platform available (set 'hibernate.transaction.jta.platform' to enable JTA platform integration)
Hibernate: drop table if exists "cliente" cascade 
Hibernate: drop sequence if exists "cliente_id_seq"
Hibernate: create sequence "cliente_id_seq" start with 1 increment by 1
Hibernate: create table "cliente" ("ativo" boolean, "created_date" timestamp(6) not null, "id" bigint not null, "update_date" timestamp(6) not null, "cpf" varchar(255) unique, "email" varchar(255) unique, "nome" varchar(255), primary key ("id"))
Hibernate: INSERT INTO "cliente" ("id","cpf", "nome", "email", "ativo", "created_date", "update_date") VALUES (99,'123.456.789-09', 'Cliente Teste', 'cliente@teste.com', true ,'2024-05-05 17:25:07', '2024-05-05 17:25:07')
2024-08-04T20:51:48.788-03:00  INFO 72653 --- [           main] j.LocalContainerEntityManagerFactoryBean : Initialized JPA EntityManagerFactory for persistence unit 'default'
2024-08-04T20:51:49.194-03:00  WARN 72653 --- [           main] JpaBaseConfiguration$JpaWebConfiguration : spring.jpa.open-in-view is enabled by default. Therefore, database queries may be performed during view rendering. Explicitly configure spring.jpa.open-in-view to disable this warning
2024-08-04T20:51:50.366-03:00  INFO 72653 --- [           main] o.s.b.a.e.web.EndpointLinksResolver      : Exposing 1 endpoint(s) beneath base path '/actuator'
2024-08-04T20:51:50.497-03:00  INFO 72653 --- [           main] o.s.b.w.embedded.tomcat.TomcatWebServer  : Tomcat started on port(s): 8180 (http) with context path '/lanchonete-cliente/api/v1'
2024-08-04T20:51:50.512-03:00  INFO 72653 --- [           main] b.c.f.l.c.i.CucumberConfiguration        : Started CucumberConfiguration in 4.574 seconds (process running for 6.768)

@tagPost
Scenario Outline: : Criar um novo cliente                                                                                                            &amp#27;[90m# src/test/resources/features/cliente.feature:12&amp#27;[0m
2024-08-04T20:51:50.738-03:00  INFO 72653 --- [nio-8180-exec-1] a.c.c.C.[.[.[/lanchonete-cliente/api/v1] : Initializing Spring DispatcherServlet 'dispatcherServlet'
2024-08-04T20:51:50.738-03:00  INFO 72653 --- [nio-8180-exec-1] o.s.web.servlet.DispatcherServlet        : Initializing Servlet 'dispatcherServlet'
2024-08-04T20:51:50.739-03:00  INFO 72653 --- [nio-8180-exec-1] o.s.web.servlet.DispatcherServlet        : Completed initialization in 1 ms
Hibernate: select c1_0."id" from "cliente" c1_0 where c1_0."cpf"=? fetch first ? rows only
Hibernate: select c1_0."id" from "cliente" c1_0 where c1_0."email"=? fetch first ? rows only
Hibernate: select next value for "cliente_id_seq"
Hibernate: insert into "cliente" ("ativo","cpf","created_date","email","nome","update_date","id") values (?,?,?,?,?,?,?)
  &amp#27;[32mGiven &amp#27;[0m&amp#27;[32mque o cliente envia uma solicitacao para criar um novo cliente, com cpf "&amp#27;[0m&amp#27;[32m&amp#27;[1m686.524.400-18&amp#27;[0m&amp#27;[32m", com nome &amp#27;[0m&amp#27;[32m&amp#27;[1mCliente Teste1&amp#27;[0m&amp#27;[32m e email &amp#27;[0m&amp#27;[32m&amp#27;[1mcliente1@teste.com&amp#27;[0m &amp#27;[90m# void br.com.fiap.lanchonete.cliente.integration.ClienteHttpControllerSteps.givenClienteRequestIsSentToCreateANewClient(java.lang.String,java.lang.String,java.lang.String)&amp#27;[0m
  &amp#27;[32mWhen &amp#27;[0m&amp#27;[32mcliente recebe a solicitacao com code status &amp#27;[0m&amp#27;[32m&amp#27;[1m201&amp#27;[0m                                                                                              &amp#27;[90m# void br.com.fiap.lanchonete.cliente.integration.ClienteHttpControllerSteps.whenClienteRecebeSolicitacao(int)&amp#27;[0m
  &amp#27;[32mThen &amp#27;[0m&amp#27;[32mo cliente recebe a resposta, com cpf "&amp#27;[0m&amp#27;[32m&amp#27;[1m686.524.400-18&amp#27;[0m&amp#27;[32m", com nome &amp#27;[0m&amp#27;[32m&amp#27;[1mCliente Teste1&amp#27;[0m&amp#27;[32m e email &amp#27;[0m&amp#27;[32m&amp#27;[1mcliente1@teste.com&amp#27;[0m                                     &amp#27;[90m# void br.com.fiap.lanchonete.cliente.integration.ClienteHttpControllerSteps.thenClienteRecebeResposta(java.lang.String,java.lang.String,java.lang.String)&amp#27;[0m
]]></system-out>
  </testcase>
  <testcase name="Gerenciamento de clientes via HTTP - : Criar um novo cliente - Examples - Example #1.2" classname="Gerenciamento de clientes via HTTP - : Criar um novo cliente - Examples" time="0.235">
    <system-out><![CDATA[
@tagPost
Scenario Outline: : Criar um novo cliente                                                                                                          &amp#27;[90m# src/test/resources/features/cliente.feature:13&amp#27;[0m
Hibernate: select c1_0."id" from "cliente" c1_0 where c1_0."cpf"=? fetch first ? rows only
2024-08-04T20:51:51.008-03:00 ERROR 72653 --- [nio-8180-exec-2] o.s.w.bind.annotation.ExceptionHandler   : BusinessException: CPF já cadastrado para outro cliente. - []
  &amp#27;[32mGiven &amp#27;[0m&amp#27;[32mque o cliente envia uma solicitacao para criar um novo cliente, com cpf "&amp#27;[0m&amp#27;[32m&amp#27;[1m123.456.789-09&amp#27;[0m&amp#27;[32m", com nome &amp#27;[0m&amp#27;[32m&amp#27;[1mCliente Teste&amp#27;[0m&amp#27;[32m e email &amp#27;[0m&amp#27;[32m&amp#27;[1mcliente@teste.com&amp#27;[0m &amp#27;[90m# void br.com.fiap.lanchonete.cliente.integration.ClienteHttpControllerSteps.givenClienteRequestIsSentToCreateANewClient(java.lang.String,java.lang.String,java.lang.String)&amp#27;[0m
  &amp#27;[32mWhen &amp#27;[0m&amp#27;[32mcliente recebe a solicitacao com code status &amp#27;[0m&amp#27;[32m&amp#27;[1m400&amp#27;[0m                                                                                            &amp#27;[90m# void br.com.fiap.lanchonete.cliente.integration.ClienteHttpControllerSteps.whenClienteRecebeSolicitacao(int)&amp#27;[0m
  &amp#27;[32mThen &amp#27;[0m&amp#27;[32mo cliente recebe a resposta, com cpf "&amp#27;[0m&amp#27;[32m&amp#27;[1m123.456.789-09&amp#27;[0m&amp#27;[32m", com nome &amp#27;[0m&amp#27;[32m&amp#27;[1mCliente Teste&amp#27;[0m&amp#27;[32m e email &amp#27;[0m&amp#27;[32m&amp#27;[1mcliente@teste.com&amp#27;[0m                                     &amp#27;[90m# void br.com.fiap.lanchonete.cliente.integration.ClienteHttpControllerSteps.thenClienteRecebeResposta(java.lang.String,java.lang.String,java.lang.String)&amp#27;[0m
]]></system-out>
  </testcase>
  <testcase name="Gerenciamento de clientes via HTTP - Recuperar informacoes de um cliente pelo CPF - Examples - Example #1.1" classname="Gerenciamento de clientes via HTTP - Recuperar informacoes de um cliente pelo CPF - Examples" time="0.037">
    <system-out><![CDATA[
@tagGet
Scenario Outline: Recuperar informacoes de um cliente pelo CPF                                &amp#27;[90m# src/test/resources/features/cliente.feature:23&amp#27;[0m
Hibernate: select c1_0."id",c1_0."ativo",c1_0."cpf",c1_0."created_date",c1_0."email",c1_0."nome",c1_0."update_date" from "cliente" c1_0 where c1_0."cpf"=?
  &amp#27;[32mGiven &amp#27;[0m&amp#27;[32mque o cliente envia uma solicitacao para recuperar informacoes de um cliente pelo CPF&amp#27;[0m &amp#27;[90m# void br.com.fiap.lanchonete.cliente.integration.ClienteHttpControllerSteps.givenClienteEnviaSolicitacaoRecuperarInformacoes()&amp#27;[0m
  &amp#27;[32mWhen &amp#27;[0m&amp#27;[32mcliente recebe as informacoes com code status &amp#27;[0m&amp#27;[32m&amp#27;[1m200&amp#27;[0m                                      &amp#27;[90m# void br.com.fiap.lanchonete.cliente.integration.ClienteHttpControllerSteps.whenClienteRecebeInformacao(int)&amp#27;[0m
  &amp#27;[32mThen &amp#27;[0m&amp#27;[32mrecebe as informacoes com a resposta&amp#27;[0m                                                   &amp#27;[90m# void br.com.fiap.lanchonete.cliente.integration.ClienteHttpControllerSteps.thenRecebeInformacoesResposta()&amp#27;[0m
]]></system-out>
  </testcase>
</testsuite>